2024-06-26 14:36:44,103 INFO o.a.j.u.JMeterUtils: Setting Locale to en_EN
2024-06-26 14:36:44,177 INFO o.a.j.JMeter: Loading user properties from: C:\apache-jmeter-5.6.3\apache-jmeter-5.6.3\bin\user.properties
2024-06-26 14:36:44,179 INFO o.a.j.JMeter: Loading system properties from: C:\apache-jmeter-5.6.3\apache-jmeter-5.6.3\bin\system.properties
2024-06-26 14:36:44,204 INFO o.a.j.JMeter: Copyright (c) 1998-2024 The Apache Software Foundation
2024-06-26 14:36:44,204 INFO o.a.j.JMeter: Version 5.6.3
2024-06-26 14:36:44,204 INFO o.a.j.JMeter: java.version=17.0.11
2024-06-26 14:36:44,204 INFO o.a.j.JMeter: java.vm.name=Java HotSpot(TM) 64-Bit Server VM
2024-06-26 14:36:44,204 INFO o.a.j.JMeter: os.name=Windows 10
2024-06-26 14:36:44,206 INFO o.a.j.JMeter: os.arch=amd64
2024-06-26 14:36:44,206 INFO o.a.j.JMeter: os.version=10.0
2024-06-26 14:36:44,206 INFO o.a.j.JMeter: file.encoding=Cp1252
2024-06-26 14:36:44,206 INFO o.a.j.JMeter: java.awt.headless=true
2024-06-26 14:36:44,206 INFO o.a.j.JMeter: Max memory     =1073741824
2024-06-26 14:36:44,206 INFO o.a.j.JMeter: Available Processors =4
2024-06-26 14:36:44,234 INFO o.a.j.JMeter: Default Locale=English (EN)
2024-06-26 14:36:44,235 INFO o.a.j.JMeter: JMeter  Locale=English (EN)
2024-06-26 14:36:44,236 INFO o.a.j.JMeter: JMeterHome=C:\apache-jmeter-5.6.3\apache-jmeter-5.6.3
2024-06-26 14:36:44,236 INFO o.a.j.JMeter: user.dir  =C:\apache-jmeter-5.6.3\apache-jmeter-5.6.3\bin\Transaction-API
2024-06-26 14:36:44,237 INFO o.a.j.JMeter: PWD       =C:\apache-jmeter-5.6.3\apache-jmeter-5.6.3\bin\Transaction-API
2024-06-26 14:36:44,238 INFO o.a.j.JMeter: IP: 192.168.0.102 Name: DESKTOP-L557AR8 FullName: DESKTOP-L557AR8
2024-06-26 14:36:44,283 INFO o.a.j.JMeter: Setting property 'jmeter.reportgenerator.outputdir' to:'C:\apache-jmeter-5.6.3\apache-jmeter-5.6.3\bin\Transaction-API\Reports'
2024-06-26 14:36:44,289 INFO o.a.j.s.FileServer: Default base='C:\apache-jmeter-5.6.3\apache-jmeter-5.6.3\bin\Transaction-API'
2024-06-26 14:36:44,293 INFO o.a.j.s.FileServer: Set new base='C:\apache-jmeter-5.6.3\apache-jmeter-5.6.3\bin\Transaction-API'
2024-06-26 14:36:44,942 INFO o.a.j.s.SaveService: Testplan (JMX) version: 2.2. Testlog (JTL) version: 2.2
2024-06-26 14:36:45,037 INFO o.a.j.s.SaveService: Using SaveService properties version 5.0
2024-06-26 14:36:45,047 INFO o.a.j.s.SaveService: Using SaveService properties file encoding UTF-8
2024-06-26 14:36:45,054 INFO o.a.j.s.SaveService: Loading file: Transaction-API.jmx
2024-06-26 14:36:45,208 INFO o.a.j.p.h.s.HTTPSamplerBase: Parser for text/html is org.apache.jmeter.protocol.http.parser.LagartoBasedHtmlParser
2024-06-26 14:36:45,208 INFO o.a.j.p.h.s.HTTPSamplerBase: Parser for application/xhtml+xml is org.apache.jmeter.protocol.http.parser.LagartoBasedHtmlParser
2024-06-26 14:36:45,208 INFO o.a.j.p.h.s.HTTPSamplerBase: Parser for application/xml is org.apache.jmeter.protocol.http.parser.LagartoBasedHtmlParser
2024-06-26 14:36:45,208 INFO o.a.j.p.h.s.HTTPSamplerBase: Parser for text/xml is org.apache.jmeter.protocol.http.parser.LagartoBasedHtmlParser
2024-06-26 14:36:45,208 INFO o.a.j.p.h.s.HTTPSamplerBase: Parser for text/vnd.wap.wml is org.apache.jmeter.protocol.http.parser.RegexpHTMLParser
2024-06-26 14:36:45,208 INFO o.a.j.p.h.s.HTTPSamplerBase: Parser for text/css is org.apache.jmeter.protocol.http.parser.CssParser
2024-06-26 14:36:45,328 INFO o.a.j.JMeter: Creating summariser <summary>
2024-06-26 14:36:45,337 INFO o.a.j.r.d.ReportGenerator: ReportGenerator will use for Parsing the separator: ','
2024-06-26 14:36:45,338 INFO o.a.j.r.d.ReportGenerator: Will generate report at end of test from  results file: Transaction-API.jtl
2024-06-26 14:36:45,338 INFO o.a.j.r.d.ReportGenerator: Reading report generator properties from: C:\apache-jmeter-5.6.3\apache-jmeter-5.6.3\bin\reportgenerator.properties
2024-06-26 14:36:45,357 INFO o.a.j.r.d.ReportGenerator: Merging with JMeter properties
2024-06-26 14:36:45,365 INFO o.a.j.r.c.ReportGeneratorConfiguration: Property 'jmeter.reportgenerator.temp_dir' not found, using default value 'temp' instead.
2024-06-26 14:36:45,371 INFO o.a.j.r.c.ReportGeneratorConfiguration: Property 'jmeter.reportgenerator.apdex_per_transaction' not found, using default value 'null' instead.
2024-06-26 14:36:45,372 INFO o.a.j.r.c.ReportGeneratorConfiguration: apdex_per_transaction is empty, not APDEX per transaction customization
2024-06-26 14:36:45,372 INFO o.a.j.r.c.ReportGeneratorConfiguration: Property 'jmeter.reportgenerator.sample_filter' not found, using default value 'null' instead.
2024-06-26 14:36:45,372 INFO o.a.j.r.c.ReportGeneratorConfiguration: Property 'jmeter.reportgenerator.report_title' not found, using default value 'null' instead.
2024-06-26 14:36:45,372 INFO o.a.j.r.c.ReportGeneratorConfiguration: Property 'jmeter.reportgenerator.start_date' not found, using default value 'null' instead.
2024-06-26 14:36:45,372 INFO o.a.j.r.c.ReportGeneratorConfiguration: Property 'jmeter.reportgenerator.end_date' not found, using default value 'null' instead.
2024-06-26 14:36:45,372 INFO o.a.j.r.c.ReportGeneratorConfiguration: Property 'jmeter.reportgenerator.date_format' not found, using default value 'null' instead.
2024-06-26 14:36:45,373 INFO o.a.j.r.c.ReportGeneratorConfiguration: Will use date range start date: null, end date: null
2024-06-26 14:36:45,381 INFO o.a.j.r.c.ReportGeneratorConfiguration: Property 'jmeter.reportgenerator.graph.totalTPS.exclude_controllers' not found, using default value 'false' instead.
2024-06-26 14:36:45,381 INFO o.a.j.r.c.ReportGeneratorConfiguration: Property 'jmeter.reportgenerator.graph.activeThreadsOverTime.exclude_controllers' not found, using default value 'false' instead.
2024-06-26 14:36:45,382 INFO o.a.j.r.c.ReportGeneratorConfiguration: Property 'jmeter.reportgenerator.graph.timeVsThreads.exclude_controllers' not found, using default value 'false' instead.
2024-06-26 14:36:45,382 INFO o.a.j.r.c.ReportGeneratorConfiguration: Property 'jmeter.reportgenerator.graph.responseTimeDistribution.exclude_controllers' not found, using default value 'false' instead.
2024-06-26 14:36:45,382 INFO o.a.j.r.c.ReportGeneratorConfiguration: Property 'jmeter.reportgenerator.graph.transactionsPerSecond.exclude_controllers' not found, using default value 'false' instead.
2024-06-26 14:36:45,382 INFO o.a.j.r.c.ReportGeneratorConfiguration: Property 'jmeter.reportgenerator.graph.responseTimePercentiles.exclude_controllers' not found, using default value 'false' instead.
2024-06-26 14:36:45,383 INFO o.a.j.r.c.ReportGeneratorConfiguration: Property 'jmeter.reportgenerator.graph.responseTimePercentilesOverTime.exclude_controllers' not found, using default value 'false' instead.
2024-06-26 14:36:45,383 INFO o.a.j.r.c.ReportGeneratorConfiguration: Property 'jmeter.reportgenerator.graph.responseTimesOverTime.exclude_controllers' not found, using default value 'false' instead.
2024-06-26 14:36:45,383 INFO o.a.j.r.c.ReportGeneratorConfiguration: Property 'jmeter.reportgenerator.graph.connectTimeOverTime.exclude_controllers' not found, using default value 'false' instead.
2024-06-26 14:36:45,383 INFO o.a.j.r.c.ReportGeneratorConfiguration: Property 'jmeter.reportgenerator.graph.latenciesOverTime.exclude_controllers' not found, using default value 'false' instead.
2024-06-26 14:36:45,386 INFO o.a.j.r.c.ReportGeneratorConfiguration: Property 'jmeter.reportgenerator.exporter.json.filters_only_sample_series' not found, using default value 'true' instead.
2024-06-26 14:36:45,386 INFO o.a.j.r.c.ReportGeneratorConfiguration: Property 'jmeter.reportgenerator.exporter.json.series_filter' not found, using default value '' instead.
2024-06-26 14:36:45,386 INFO o.a.j.r.c.ReportGeneratorConfiguration: Property 'jmeter.reportgenerator.exporter.json.show_controllers_only' not found, using default value 'false' instead.
2024-06-26 14:36:45,387 INFO o.a.j.r.c.ReportGeneratorConfiguration: Property 'jmeter.reportgenerator.exporter.html.filters_only_sample_series' not found, using default value 'true' instead.
2024-06-26 14:36:45,387 INFO o.a.j.r.c.ReportGeneratorConfiguration: Property 'jmeter.reportgenerator.exporter.html.series_filter' not found, using default value '' instead.
2024-06-26 14:36:45,388 INFO o.a.j.r.c.ReportGeneratorConfiguration: Property 'jmeter.reportgenerator.exporter.html.show_controllers_only' not found, using default value 'false' instead.
2024-06-26 14:36:45,419 INFO o.a.j.e.StandardJMeterEngine: Running the test!
2024-06-26 14:36:45,420 INFO o.a.j.s.SampleEvent: List of sample_variables: []
2024-06-26 14:36:45,421 INFO o.a.j.s.SampleEvent: List of sample_variables: []
2024-06-26 14:36:45,438 INFO o.a.j.e.u.CompoundVariable: Note: Function class names must contain the string: '.functions.'
2024-06-26 14:36:45,438 INFO o.a.j.e.u.CompoundVariable: Note: Function class names must not contain the string: '.gui.'
2024-06-26 14:36:45,637 INFO o.a.j.JMeter: Running test (1719391005637)
2024-06-26 14:36:45,679 INFO o.a.j.e.StandardJMeterEngine: Starting ThreadGroup: 1 : Thread Group
2024-06-26 14:36:45,679 INFO o.a.j.e.StandardJMeterEngine: Starting 1 threads for group Thread Group.
2024-06-26 14:36:45,679 INFO o.a.j.e.StandardJMeterEngine: Thread will continue on error
2024-06-26 14:36:45,680 INFO o.a.j.t.ThreadGroup: Starting thread group... number=1 threads=1 ramp-up=1 delayedStart=false
2024-06-26 14:36:45,691 INFO o.a.j.t.ThreadGroup: Started thread group number 1
2024-06-26 14:36:45,692 INFO o.a.j.e.StandardJMeterEngine: All thread groups have been started
2024-06-26 14:36:45,786 INFO o.a.j.t.JMeterThread: Thread started: Thread Group 1-1
2024-06-26 14:36:45,832 INFO o.a.j.p.h.s.HTTPHCAbstractImpl: Local host = DESKTOP-L557AR8
2024-06-26 14:36:45,845 INFO o.a.j.p.h.s.HTTPHC4Impl: HTTP request retry count = 0
2024-06-26 14:36:45,848 INFO o.a.j.s.SampleResult: Note: Sample TimeStamps are START times
2024-06-26 14:36:45,848 INFO o.a.j.s.SampleResult: sampleresult.default.encoding is set to UTF-8
2024-06-26 14:36:45,848 INFO o.a.j.s.SampleResult: sampleresult.useNanoTime=true
2024-06-26 14:36:45,848 INFO o.a.j.s.SampleResult: sampleresult.nanoThreadSleep=5000
2024-06-26 14:37:10,895 INFO o.a.j.t.JMeterThread: Thread is done: Thread Group 1-1
2024-06-26 14:37:10,896 INFO o.a.j.t.JMeterThread: Thread finished: Thread Group 1-1
2024-06-26 14:37:10,900 INFO o.a.j.e.StandardJMeterEngine: Notifying test listeners of end of test
2024-06-26 14:37:10,910 INFO o.a.j.r.Summariser: summary =     14 in 00:00:25 =    0.6/s Avg:  1768 Min:    24 Max: 18244 Err:     0 (0.00%)
2024-06-26 14:37:10,916 INFO o.a.j.JMeter: Generating Dashboard
2024-06-26 14:37:10,916 INFO o.a.j.r.d.ReportGenerator: Flushing result collector before report Generation
2024-06-26 14:37:11,002 INFO o.a.j.r.p.NormalizerSampleConsumer: Using format, 'ms', to parse timeStamp field
2024-06-26 14:37:11,484 INFO o.a.j.r.p.AbstractSampleConsumer: class org.apache.jmeter.report.processor.AggregateConsumer#stopProducing(): beginDate produced 0 samples
2024-06-26 14:37:11,484 INFO o.a.j.r.p.AbstractSampleConsumer: class org.apache.jmeter.report.processor.AggregateConsumer#stopProducing(): endDate produced 0 samples
2024-06-26 14:37:11,491 INFO o.a.j.r.p.AbstractSampleConsumer: class org.apache.jmeter.report.processor.ApdexSummaryConsumer#stopProducing(): apdexSummary produced 0 samples
2024-06-26 14:37:11,491 INFO o.a.j.r.p.AbstractSampleConsumer: class org.apache.jmeter.report.processor.RequestsSummaryConsumer#stopProducing(): requestsSummary produced 0 samples
2024-06-26 14:37:11,599 INFO o.a.j.r.p.AbstractSampleConsumer: class org.apache.jmeter.report.processor.StatisticsSummaryConsumer#stopProducing(): statisticsSummary produced 0 samples
2024-06-26 14:37:11,609 INFO o.a.j.r.p.AbstractSampleConsumer: class org.apache.jmeter.report.processor.Top5ErrorsBySamplerConsumer#stopProducing(): top5ErrorsBySampler produced 0 samples
2024-06-26 14:37:11,609 INFO o.a.j.r.p.AbstractSampleConsumer: class org.apache.jmeter.report.processor.ErrorsSummaryConsumer#stopProducing(): errorsSummary produced 0 samples
2024-06-26 14:37:11,609 INFO o.a.j.r.p.AbstractSampleConsumer: class org.apache.jmeter.report.processor.graph.impl.HitsPerSecondGraphConsumer#stopProducing(): hitsPerSecond produced 0 samples
2024-06-26 14:37:11,693 INFO o.a.j.r.p.AbstractSampleConsumer: class org.apache.jmeter.report.processor.graph.impl.LatencyVSRequestGraphConsumer#stopProducing(): latencyVsRequest produced 0 samples
2024-06-26 14:37:11,694 INFO o.a.j.r.p.AbstractSampleConsumer: class org.apache.jmeter.report.processor.graph.impl.SyntheticResponseTimeDistributionGraphConsumer#stopProducing(): syntheticResponseTimeDistribution produced 0 samples
2024-06-26 14:37:11,696 INFO o.a.j.r.p.AbstractSampleConsumer: class org.apache.jmeter.report.processor.graph.impl.BytesThroughputGraphConsumer#stopProducing(): bytesThroughputOverTime produced 0 samples
2024-06-26 14:37:11,697 INFO o.a.j.r.p.AbstractSampleConsumer: class org.apache.jmeter.report.processor.graph.impl.CodesPerSecondGraphConsumer#stopProducing(): codesPerSecond produced 0 samples
2024-06-26 14:37:11,711 INFO o.a.j.r.p.AbstractSampleConsumer: class org.apache.jmeter.report.processor.graph.impl.ResponseTimeVSRequestGraphConsumer#stopProducing(): responseTimeVsRequest produced 0 samples
2024-06-26 14:37:11,712 INFO o.a.j.r.p.AbstractSampleConsumer: class org.apache.jmeter.report.processor.FilterConsumer#stopProducing(): startIntervalControlerFilter produced 98 samples
2024-06-26 14:37:11,715 INFO o.a.j.r.p.AbstractSampleConsumer: class org.apache.jmeter.report.processor.graph.impl.TotalTPSGraphConsumer#stopProducing(): totalTPS produced 0 samples
2024-06-26 14:37:11,716 INFO o.a.j.r.p.AbstractSampleConsumer: class org.apache.jmeter.report.processor.graph.impl.ActiveThreadsGraphConsumer#stopProducing(): activeThreadsOverTime produced 0 samples
2024-06-26 14:37:11,716 INFO o.a.j.r.p.AbstractSampleConsumer: class org.apache.jmeter.report.processor.graph.impl.TimeVSThreadGraphConsumer#stopProducing(): timeVsThreads produced 0 samples
2024-06-26 14:37:11,718 INFO o.a.j.r.p.AbstractSampleConsumer: class org.apache.jmeter.report.processor.graph.impl.ResponseTimeDistributionGraphConsumer#stopProducing(): responseTimeDistribution produced 0 samples
2024-06-26 14:37:11,719 INFO o.a.j.r.p.AbstractSampleConsumer: class org.apache.jmeter.report.processor.graph.impl.TransactionsPerSecondGraphConsumer#stopProducing(): transactionsPerSecond produced 0 samples
2024-06-26 14:37:11,720 INFO o.a.j.r.p.AbstractSampleConsumer: class org.apache.jmeter.report.processor.graph.impl.ResponseTimePercentilesGraphConsumer#stopProducing(): responseTimePercentiles produced 0 samples
2024-06-26 14:37:11,733 INFO o.a.j.r.p.AbstractSampleConsumer: class org.apache.jmeter.report.processor.graph.impl.ResponseTimePercentilesOverTimeGraphConsumer#stopProducing(): responseTimePercentilesOverTime produced 0 samples
2024-06-26 14:37:11,735 INFO o.a.j.r.p.AbstractSampleConsumer: class org.apache.jmeter.report.processor.graph.impl.ResponseTimeOverTimeGraphConsumer#stopProducing(): responseTimesOverTime produced 0 samples
2024-06-26 14:37:11,736 INFO o.a.j.r.p.AbstractSampleConsumer: class org.apache.jmeter.report.processor.graph.impl.ConnectTimeOverTimeGraphConsumer#stopProducing(): connectTimeOverTime produced 0 samples
2024-06-26 14:37:11,741 INFO o.a.j.r.p.AbstractSampleConsumer: class org.apache.jmeter.report.processor.graph.impl.LatencyOverTimeGraphConsumer#stopProducing(): latenciesOverTime produced 0 samples
2024-06-26 14:37:11,749 INFO o.a.j.r.p.AbstractSampleConsumer: class org.apache.jmeter.report.processor.FilterConsumer#stopProducing(): nameFilter produced 210 samples
2024-06-26 14:37:11,749 INFO o.a.j.r.p.AbstractSampleConsumer: class org.apache.jmeter.report.processor.FilterConsumer#stopProducing(): dateRangeFilter produced 42 samples
2024-06-26 14:37:11,750 INFO o.a.j.r.p.AbstractSampleConsumer: class org.apache.jmeter.report.processor.NormalizerSampleConsumer#stopProducing(): normalizer produced 14 samples
2024-06-26 14:37:11,761 INFO o.a.j.r.p.CsvFileSampleSource: produce(): 14 samples produced in 668ms on channel 0
2024-06-26 14:37:11,761 INFO o.a.j.r.d.ReportGenerator: Exporting data using exporter:'json' of className:'org.apache.jmeter.report.dashboard.JsonExporter'
2024-06-26 14:37:12,104 INFO o.a.j.r.d.JsonExporter: Found data for consumer statisticsSummary in context
2024-06-26 14:37:12,104 INFO o.a.j.r.d.JsonExporter: Creating statistics for overall
2024-06-26 14:37:12,109 INFO o.a.j.r.d.JsonExporter: Creating statistics for other transactions
2024-06-26 14:37:12,109 INFO o.a.j.r.d.JsonExporter: Checking output folder
2024-06-26 14:37:12,109 INFO o.a.j.r.d.JsonExporter: Writing statistics JSON to C:\apache-jmeter-5.6.3\apache-jmeter-5.6.3\bin\Transaction-API\Reports\statistics.json
2024-06-26 14:37:12,240 INFO o.a.j.r.d.ReportGenerator: Exporting data using exporter:'html' of className:'org.apache.jmeter.report.dashboard.HtmlTemplateExporter'
2024-06-26 14:37:12,246 INFO o.a.j.r.d.HtmlTemplateExporter: Will generate dashboard in folder: C:\apache-jmeter-5.6.3\apache-jmeter-5.6.3\bin\Transaction-API\Reports
2024-06-26 14:37:13,201 INFO o.a.j.r.d.HtmlTemplateExporter: Report will be generated in: C:\apache-jmeter-5.6.3\apache-jmeter-5.6.3\bin\Transaction-API\Reports, creating folder structure
2024-06-26 14:37:13,210 INFO o.a.j.r.d.TemplateVisitor: Copying folder from 'C:\apache-jmeter-5.6.3\apache-jmeter-5.6.3\bin\report-template' to 'C:\apache-jmeter-5.6.3\apache-jmeter-5.6.3\bin\Transaction-API\Reports', got message: C:\apache-jmeter-5.6.3\apache-jmeter-5.6.3\bin\Transaction-API\Reports, found non empty folder with following content [C:\apache-jmeter-5.6.3\apache-jmeter-5.6.3\bin\Transaction-API\Reports\statistics.json], will be ignored
2024-06-26 14:37:14,841 INFO o.a.j.JMeter: Dashboard generated
